Start testing: Nov 02 23:28 -05
----------------------------------------------------------
1/1 Testing: arrayStack.Test
1/1 Test: arrayStack.Test
Command: "/home/erick/LAB-TO/Lab_04/Stack/build/stack_test" "--gtest_filter=arrayStack.Test" "--gtest_also_run_disabled_tests"
Directory: /home/erick/LAB-TO/Lab_04/Stack/build
"arrayStack.Test" start time: Nov 02 23:28 -05
Output:
----------------------------------------------------------
Running main() from /home/erick/LAB-TO/Lab_04/Stack/build/_deps/googletest-src/googletest/src/gtest_main.cc
Note: Google Test filter = arrayStack.Test
[==========] Running 1 test from 1 test suite.
[----------] Global test environment set-up.
[----------] 1 test from arrayStack
[ RUN      ] arrayStack.Test
[       OK ] arrayStack.Test (0 ms)
[----------] 1 test from arrayStack (0 ms total)

[----------] Global test environment tear-down
[==========] 1 test from 1 test suite ran. (0 ms total)
[  PASSED  ] 1 test.
<end of output>
Test time =   0.00 sec
----------------------------------------------------------
Test Passed.
"arrayStack.Test" end time: Nov 02 23:28 -05
"arrayStack.Test" time elapsed: 00:00:00
----------------------------------------------------------

End testing: Nov 02 23:28 -05
